Dec-11 13:47:53.047 [main] DEBUG nextflow.cli.Launcher - $> nextflow kuberun Nine-s/rnasplice_generated -r master -c nextflow.config -v nextflow-ninon -resume
Dec-11 13:47:53.308 [main] DEBUG nextflow.plugin.PluginsFacade - Setting up plugin manager > mode=prod; embedded=false; plugins-dir=/home/ninon/.nextflow/plugins; core-plugins: nf-amazon@2.1.4,nf-azure@1.3.2,nf-cloudcache@0.3.0,nf-codecommit@0.1.5,nf-console@1.0.6,nf-ga4gh@1.1.0,nf-google@1.8.3,nf-tower@1.6.3,nf-wave@0.14.0
Dec-11 13:47:53.323 [main] INFO  o.pf4j.DefaultPluginStatusProvider - Enabled plugins: []
Dec-11 13:47:53.325 [main] INFO  o.pf4j.DefaultPluginStatusProvider - Disabled plugins: []
Dec-11 13:47:53.332 [main] INFO  org.pf4j.DefaultPluginManager - PF4J version 3.4.1 in 'deployment' mode
Dec-11 13:47:53.348 [main] INFO  org.pf4j.AbstractPluginManager - No plugins
Dec-11 13:47:53.368 [main] DEBUG nextflow.scm.ProviderConfig - Using SCM config path: /home/ninon/.nextflow/scm
Dec-11 13:47:53.403 [main] DEBUG nextflow.scm.RepositoryFactory - Found Git repository result: [RepositoryFactory]
Dec-11 13:47:53.413 [main] DEBUG nextflow.scm.RepositoryProvider - Request [credentials -:-] -> https://api.github.com/repos/Nine-s/rnasplice_generated/contents/nextflow.config
Dec-11 13:47:54.086 [main] DEBUG nextflow.config.ConfigBuilder - Found config local: /home/ninon/description_prototype/v1/generated_workflow/nextflow.config
Dec-11 13:47:54.090 [main] DEBUG nextflow.config.ConfigBuilder - User config file: https://github.com/Nine-s/rnasplice_generated/nextflow.config
Dec-11 13:47:54.091 [main] DEBUG nextflow.config.ConfigBuilder - User config file: /home/ninon/description_prototype/v1/generated_workflow/nextflow.config
Dec-11 13:47:54.091 [main] DEBUG nextflow.config.ConfigBuilder - Parsing config file: /home/ninon/description_prototype/v1/generated_workflow/nextflow.config
Dec-11 13:47:54.092 [main] DEBUG nextflow.config.ConfigBuilder - Parsing config file: https://github.com/Nine-s/rnasplice_generated/nextflow.config
Dec-11 13:47:54.092 [main] DEBUG nextflow.config.ConfigBuilder - Parsing config file: /home/ninon/description_prototype/v1/generated_workflow/nextflow.config
Dec-11 13:47:54.118 [main] DEBUG nextflow.config.ConfigBuilder - Applying config profile: `standard`
Dec-11 13:47:55.054 [main] DEBUG nextflow.config.ConfigBuilder - Applying config profile: `standard`
Dec-11 13:47:55.064 [main] DEBUG nextflow.config.ConfigBuilder - Applying config profile: `standard`
Dec-11 13:47:55.156 [main] DEBUG nextflow.k8s.K8sConfig - Kubernetes workDir=/workspace/ninon/work; projectDir=/workspace/projects; volumeClaims=[nextflow-ninon]
Dec-11 13:47:55.288 [main] DEBUG nextflow.scm.ProviderConfig - Using SCM config path: /home/ninon/.nextflow/scm
Dec-11 13:47:55.439 [main] DEBUG nextflow.k8s.K8sDriverLauncher - Created K8s configMap with name: nf-config-ca3b1757
Dec-11 13:47:55.537 [main] INFO  nextflow.k8s.K8sDriverLauncher - Launcher pod spec file: .nextflow.pod.yaml
Dec-11 13:48:33.433 [main] DEBUG nextflow.k8s.K8sDriverLauncher - Wait for pod termination name=zen-spence
